<?xml version="1.0" encoding="utf-8"?>
<shfbBuild product="Sandcastle Help File Builder" version="2015.1.12.0" projectFile="C:\Users\Ivan\OneDrive\Documents\test.shfbproj" started="10/12/2015 12:46:18 AM">
<buildStep step="Initializing">
Finding tools...
The Sandcastle tools are located in &#39;C:\Program Files (x86)\EWSoftware\Sandcastle Help File Builder\&#39;
Searching for HTML Help 1 compiler...
Found HTML Help 1 compiler in &#39;C:\Program Files (x86)\HTML Help Workshop\&#39;
Locating components in the following folder(s):
   C:\Users\Ivan\OneDrive\Documents
Using presentation style &#39;VS2013&#39; located in &#39;C:\Program Files (x86)\EWSoftware\Sandcastle Help File Builder\PresentationStyles\VS2013&#39;
Loading and initializing plug-ins...
Lightweight Website Style Version 2015.1.12.0
Copyright &#169; 2006-2015, Eric Woodruff, All Rights Reserved
Portions Copyright &#169; 2014, Sam Harwell, All Rights Reserved
</buildStep>
<buildStep step="ValidatingDocumentationSources">
Validating and copying documentation source information
Source: C:\Users\Ivan\Documents\GitHub\Teamwork\Documentation\XML\BattleField2.Common.dll
    Found assembly &#39;C:\Users\Ivan\Documents\GitHub\Teamwork\Documentation\XML\BattleField2.Common.dll&#39;
Source: C:\Users\Ivan\Documents\GitHub\Teamwork\Documentation\XML\BattleField2.Common.xml
Source: C:\Users\Ivan\Documents\GitHub\Teamwork\Documentation\XML\BattleField2.GameLogic.exe
    Found assembly &#39;C:\Users\Ivan\Documents\GitHub\Teamwork\Documentation\XML\BattleField2.GameLogic.exe&#39;
Source: C:\Users\Ivan\Documents\GitHub\Teamwork\Documentation\XML\BattleField2.GameLogic.xml
Source: C:\Users\Ivan\Documents\GitHub\Teamwork\Documentation\XML\BattleField2.Models.dll
    Found assembly &#39;C:\Users\Ivan\Documents\GitHub\Teamwork\Documentation\XML\BattleField2.Models.dll&#39;
Source: C:\Users\Ivan\Documents\GitHub\Teamwork\Documentation\XML\BattleField2.Models.xml
Source: C:\Users\Ivan\Documents\GitHub\Teamwork\Documentation\XML\BattleField2.Tests.dll
    Found assembly &#39;C:\Users\Ivan\Documents\GitHub\Teamwork\Documentation\XML\BattleField2.Tests.dll&#39;
Source: C:\Users\Ivan\Documents\GitHub\Teamwork\Documentation\XML\BattleField2.Tests.xml
Source: C:\Users\Ivan\Documents\GitHub\Teamwork\Documentation\XML\BattleField2.ViewModels.dll
    Found assembly &#39;C:\Users\Ivan\Documents\GitHub\Teamwork\Documentation\XML\BattleField2.ViewModels.dll&#39;
Source: C:\Users\Ivan\Documents\GitHub\Teamwork\Documentation\XML\BattleField2.ViewModels.xml

Copying XML comments files
    C:\Users\Ivan\Documents\GitHub\Teamwork\Documentation\XML\BattleField2.Common.XML -&gt; C:\Users\Ivan\Documents\GitHub\Teamwork\Documentation\Working\BattleField2.Common.XML
    C:\Users\Ivan\Documents\GitHub\Teamwork\Documentation\XML\BattleField2.GameLogic.XML -&gt; C:\Users\Ivan\Documents\GitHub\Teamwork\Documentation\Working\BattleField2.GameLogic.XML
    C:\Users\Ivan\Documents\GitHub\Teamwork\Documentation\XML\BattleField2.Models.XML -&gt; C:\Users\Ivan\Documents\GitHub\Teamwork\Documentation\Working\BattleField2.Models.XML
    C:\Users\Ivan\Documents\GitHub\Teamwork\Documentation\XML\BattleField2.Tests.XML -&gt; C:\Users\Ivan\Documents\GitHub\Teamwork\Documentation\Working\BattleField2.Tests.XML
    C:\Users\Ivan\Documents\GitHub\Teamwork\Documentation\XML\BattleField2.ViewModels.XML -&gt; C:\Users\Ivan\Documents\GitHub\Teamwork\Documentation\Working\BattleField2.ViewModels.XML
</buildStep>
<buildStep step="GenerateSharedContent">
Generating shared content files (en-US, English (United States))...
<plugIn name="Lightweight Website Style" behavior="After" priority="1000">
</plugIn>    Last step completed in 00:00:00.0555
</buildStep>
<buildStep step="GenerateApiFilter">
Generating API filter for MRefBuilder...
    Last step completed in 00:00:00.1239
</buildStep>
<buildStep step="GenerateReflectionInfo">
Generating reflection information...
[C:\Windows\Microsoft.NET\Framework64\v4.0.30319\MSBuild.exe]
Build started 10/12/2015 12:46:21 AM.
Project &quot;C:\Users\Ivan\Documents\GitHub\Teamwork\Documentation\Working\GenerateRefInfo.proj&quot; on node 1 (default targets).
PrepareForBuild:
  Creating directory &quot;obj\Debug\&quot;.
GenerateRefInfo:
  MRefBuilder (v2015.1.12.0)
  Copyright c 2006-2015, Microsoft Corporation, All Rights Reserved.
  Portions Copyright c 2006-2014, Eric Woodruff, All Rights Reserved.
  Loaded 5 assemblies for reflection and 1 dependency assemblies.
  Wrote information on 14 namespaces, 27 types, and 160 members
  Copying file from &quot;reflection.org&quot; to &quot;reflection.all&quot;.
  XslTransform (v2015.1.12.0)
  Copyright c 2006-2015, Microsoft Corporation, All Rights Reserved.
  Portions Copyright c 2006-2014, Eric Woodruff, All Rights Reserved.
  Applying XSL transformation &#39;C:\Program Files (x86)\EWSoftware\Sandcastle Help File Builder\ProductionTransforms\MergeDuplicates.xsl&#39;.
Done Building Project &quot;C:\Users\Ivan\Documents\GitHub\Teamwork\Documentation\Working\GenerateRefInfo.proj&quot; (default targets).

Build succeeded.

Time Elapsed 00:00:06.30
    Last step completed in 00:00:07.4720
</buildStep>
<buildStep step="TransformReflectionInfo">
Transforming reflection output...
[C:\Windows\Microsoft.NET\Framework64\v4.0.30319\MSBuild.exe]
Build started 10/12/2015 12:46:28 AM.
Project &quot;C:\Users\Ivan\Documents\GitHub\Teamwork\Documentation\Working\TransformManifest.proj&quot; on node 1 (default targets).
TransformManifest:
  XslTransform (v2015.1.12.0)
  Copyright c 2006-2015, Microsoft Corporation, All Rights Reserved.
  Portions Copyright c 2006-2014, Eric Woodruff, All Rights Reserved.
  Applying XSL transformation &#39;C:\Program Files (x86)\EWSoftware\Sandcastle Help File Builder\\ProductionTransforms\ApplyVSDocModel.xsl&#39;.
  Copying file from &quot;reflection.xml&quot; to &quot;reflection.nofilenames&quot;.
  XslTransform (v2015.1.12.0)
  Copyright c 2006-2015, Microsoft Corporation, All Rights Reserved.
  Portions Copyright c 2006-2014, Eric Woodruff, All Rights Reserved.
  Applying XSL transformation &#39;C:\Program Files (x86)\EWSoftware\Sandcastle Help File Builder\ProductionTransforms\AddFilenames.xsl&#39;.
  XslTransform (v2015.1.12.0)
  Copyright c 2006-2015, Microsoft Corporation, All Rights Reserved.
  Portions Copyright c 2006-2014, Eric Woodruff, All Rights Reserved.
  Applying XSL transformation &#39;C:\Program Files (x86)\EWSoftware\Sandcastle Help File Builder\ProductionTransforms\ReflectionToManifest.xsl&#39;.
Done Building Project &quot;C:\Users\Ivan\Documents\GitHub\Teamwork\Documentation\Working\TransformManifest.proj&quot; (default targets).

Build succeeded.

Time Elapsed 00:00:04.16
    Last step completed in 00:00:05.1186
</buildStep>
<buildStep step="GenerateNamespaceSummaries">
Generating namespace summary information...
    Last step completed in 00:00:00.0936
</buildStep>
<buildStep step="CopyAdditionalContent">
Copying additional content files...
No additional content to copy
    Last step completed in 00:00:00.0591
</buildStep>
<buildStep step="MergeTablesOfContents">
Merging conceptual and additional tables of contents...
    Last step completed in 00:00:00.0343
</buildStep>
<buildStep step="GenerateIntermediateTableOfContents">
Generating intermediate table of contents file...
[C:\Windows\Microsoft.NET\Framework64\v4.0.30319\MSBuild.exe]
Build started 10/12/2015 12:46:34 AM.
Project &quot;C:\Users\Ivan\Documents\GitHub\Teamwork\Documentation\Working\GenerateIntermediateTOC.proj&quot; on node 1 (default targets).
GenerateIntermediateTOC:
  XslTransform (v2015.1.12.0)
  Copyright c 2006-2015, Microsoft Corporation, All Rights Reserved.
  Portions Copyright c 2006-2014, Eric Woodruff, All Rights Reserved.
  Applying XSL transformation &#39;C:\Program Files (x86)\EWSoftware\Sandcastle Help File Builder\\ProductionTransforms\CreateVSToc.xsl&#39;.
Done Building Project &quot;C:\Users\Ivan\Documents\GitHub\Teamwork\Documentation\Working\GenerateIntermediateTOC.proj&quot; (default targets).

Build succeeded.

Time Elapsed 00:00:03.08
Generating conceptual content intermediate TOC file...
    Last step completed in 00:00:04.1638
</buildStep>
<buildStep step="CreateBuildAssemblerConfigs">
Creating Sandcastle configuration files...
    sandcastle.config
    Last step completed in 00:00:00.4632
</buildStep>
<buildStep step="MergeCustomConfigs">
Merging custom build component configurations
C:\Users\Ivan\Documents\GitHub\Teamwork\Documentation\Working\sandcastle.config
    Last step completed in 00:00:00.1341
</buildStep>
<buildStep step="BuildReferenceTopics">
Building reference help topics...
[C:\Windows\Microsoft.NET\Framework64\v4.0.30319\MSBuild.exe]
Build started 10/12/2015 12:46:39 AM.
Project &quot;C:\Users\Ivan\Documents\GitHub\Teamwork\Documentation\Working\BuildReferenceTopics.proj&quot; on node 1 (default targets).
BuildReferenceTopics:
  BuildAssembler (v2015.1.12.0)
  Copyright c 2006-2015, Microsoft Corporation, All Rights Reserved.
  Portions Copyright c 2006-2014, Eric Woodruff, All Rights Reserved.
  Loading configuration...
  Processing topics...
BuildAssembler : warning : ShowMissingComponent: [N:BattleField2.GameLogic] Missing &lt;summary&gt; documentation [C:\Users\Ivan\Documents\GitHub\Teamwork\Documentation\Working\BuildReferenceTopics.proj]
BuildAssembler : warning : ShowMissingComponent: [N:BattleField2.Models.Cells] Missing &lt;summary&gt; documentation [C:\Users\Ivan\Documents\GitHub\Teamwork\Documentation\Working\BuildReferenceTopics.proj]
BuildAssembler : warning : ShowMissingComponent: [N:BattleField2.Models.Coordinates] Missing &lt;summary&gt; documentation [C:\Users\Ivan\Documents\GitHub\Teamwork\Documentation\Working\BuildReferenceTopics.proj]
BuildAssembler : warning : ShowMissingComponent: [N:BattleField2.Models.Field] Missing &lt;summary&gt; documentation [C:\Users\Ivan\Documents\GitHub\Teamwork\Documentation\Working\BuildReferenceTopics.proj]
BuildAssembler : warning : ShowMissingComponent: [N:BattleField2.Models.Mines] Missing &lt;summary&gt; documentation [C:\Users\Ivan\Documents\GitHub\Teamwork\Documentation\Working\BuildReferenceTopics.proj]
BuildAssembler : warning : ShowMissingComponent: [M:BattleField2.Models.Mines.IExplosive.Detonate(BattleField2.Models.Cells.Cell[0:,0:],BattleField2.Models.Coordinates.Coordinates)] Missing &lt;returns&gt; documentation [C:\Users\Ivan\Documents\GitHub\Teamwork\Documentation\Working\BuildReferenceTopics.proj]
BuildAssembler : warning : ShowMissingComponent: [M:BattleField2.Models.Mines.Mine.Detonate(BattleField2.Models.Cells.Cell[0:,0:],BattleField2.Models.Coordinates.Coordinates)] Missing &lt;returns&gt; documentation [C:\Users\Ivan\Documents\GitHub\Teamwork\Documentation\Working\BuildReferenceTopics.proj]
BuildAssembler : warning : ShowMissingComponent: [N:BattleField2.Models.Player] Missing &lt;summary&gt; documentation [C:\Users\Ivan\Documents\GitHub\Teamwork\Documentation\Working\BuildReferenceTopics.proj]
BuildAssembler : warning : ShowMissingComponent: [N:BattleField2.Renderers] Missing &lt;summary&gt; documentation [C:\Users\Ivan\Documents\GitHub\Teamwork\Documentation\Working\BuildReferenceTopics.proj]
BuildAssembler : warning : ShowMissingComponent: [N:BattleField2.Tests] Missing &lt;summary&gt; documentation [C:\Users\Ivan\Documents\GitHub\Teamwork\Documentation\Working\BuildReferenceTopics.proj]
BuildAssembler : warning : ShowMissingComponent: [T:BattleField2.Tests.MineBaseTests] Missing &lt;summary&gt; documentation [C:\Users\Ivan\Documents\GitHub\Teamwork\Documentation\Working\BuildReferenceTopics.proj]
BuildAssembler : warning : ShowMissingComponent: [M:BattleField2.Tests.MineBaseTests.CheckIfIsValidMethodReturnsFalseWhenFirstArgumentIsInvalidAndTheSecondArgumentIsValid] Missing &lt;summary&gt; documentation [C:\Users\Ivan\Documents\GitHub\Teamwork\Documentation\Working\BuildReferenceTopics.proj]
BuildAssembler : warning : ShowMissingComponent: [M:BattleField2.Tests.MineBaseTests.CheckIfIsValidMethodReturnsFalseWhenFirstArgumentIsValidAndTheSecondArgumentIsInvalid] Missing &lt;summary&gt; documentation [C:\Users\Ivan\Documents\GitHub\Teamwork\Documentation\Working\BuildReferenceTopics.proj]
BuildAssembler : warning : ShowMissingComponent: [M:BattleField2.Tests.MineBaseTests.CheckIfIsValidMethodReturnsFalseWhenNegativeValuesAreGiven] Missing &lt;summary&gt; documentation [C:\Users\Ivan\Documents\GitHub\Teamwork\Documentation\Working\BuildReferenceTopics.proj]
BuildAssembler : warning : ShowMissingComponent: [M:BattleField2.Tests.MineBaseTests.CheckIfIsValidMethodReturnsFalseWhenZeroValuesAreGiven] Missing &lt;summary&gt; documentation [C:\Users\Ivan\Documents\GitHub\Teamwork\Documentation\Working\BuildReferenceTopics.proj]
BuildAssembler : warning : ShowMissingComponent: [M:BattleField2.Tests.MineBaseTests.CheckIfIsValidMethodReturnsTrueWhenValidValuesAreGiven] Missing &lt;summary&gt; documentation [C:\Users\Ivan\Documents\GitHub\Teamwork\Documentation\Working\BuildReferenceTopics.proj]
BuildAssembler : warning : ShowMissingComponent: [T:BattleField2.Tests.MineFactoryTests] Missing &lt;summary&gt; documentation [C:\Users\Ivan\Documents\GitHub\Teamwork\Documentation\Working\BuildReferenceTopics.proj]
BuildAssembler : warning : ShowMissingComponent: [M:BattleField2.Tests.MineFactoryTests.VerifyThatMineFactoryCreatesAProperMine_LevelFive] Missing &lt;summary&gt; documentation [C:\Users\Ivan\Documents\GitHub\Teamwork\Documentation\Working\BuildReferenceTopics.proj]
BuildAssembler : warning : ShowMissingComponent: [M:BattleField2.Tests.MineFactoryTests.VerifyThatMineFactoryCreatesAProperMine_LevelFour] Missing &lt;summary&gt; documentation [C:\Users\Ivan\Documents\GitHub\Teamwork\Documentation\Working\BuildReferenceTopics.proj]
BuildAssembler : warning : ShowMissingComponent: [M:BattleField2.Tests.MineFactoryTests.VerifyThatMineFactoryCreatesAProperMine_LevelOne] Missing &lt;summary&gt; documentation [C:\Users\Ivan\Documents\GitHub\Teamwork\Documentation\Working\BuildReferenceTopics.proj]
BuildAssembler : warning : ShowMissingComponent: [M:BattleField2.Tests.MineFactoryTests.VerifyThatMineFactoryCreatesAProperMine_LevelThree] Missing &lt;summary&gt; documentation [C:\Users\Ivan\Documents\GitHub\Teamwork\Documentation\Working\BuildReferenceTopics.proj]
BuildAssembler : warning : ShowMissingComponent: [M:BattleField2.Tests.MineFactoryTests.VerifyThatMineFactoryCreatesAProperMine_LevelTwo] Missing &lt;summary&gt; documentation [C:\Users\Ivan\Documents\GitHub\Teamwork\Documentation\Working\BuildReferenceTopics.proj]
BuildAssembler : warning : ShowMissingComponent: [M:BattleField2.Tests.MineFactoryTests.VerifyThatMineFactoryCreatesAProperMineByComparing_LevelFive] Missing &lt;summary&gt; documentation [C:\Users\Ivan\Documents\GitHub\Teamwork\Documentation\Working\BuildReferenceTopics.proj]
BuildAssembler : warning : ShowMissingComponent: [M:BattleField2.Tests.MineFactoryTests.VerifyThatMineFactoryCreatesAProperMineByComparing_LevelFour] Missing &lt;summary&gt; documentation [C:\Users\Ivan\Documents\GitHub\Teamwork\Documentation\Working\BuildReferenceTopics.proj]
BuildAssembler : warning : ShowMissingComponent: [M:BattleField2.Tests.MineFactoryTests.VerifyThatMineFactoryCreatesAProperMineByComparing_LevelOne] Missing &lt;summary&gt; documentation [C:\Users\Ivan\Documents\GitHub\Teamwork\Documentation\Working\BuildReferenceTopics.proj]
BuildAssembler : warning : ShowMissingComponent: [M:BattleField2.Tests.MineFactoryTests.VerifyThatMineFactoryCreatesAProperMineByComparing_LevelThree] Missing &lt;summary&gt; documentation [C:\Users\Ivan\Documents\GitHub\Teamwork\Documentation\Working\BuildReferenceTopics.proj]
BuildAssembler : warning : ShowMissingComponent: [M:BattleField2.Tests.MineFactoryTests.VerifyThatMineFactoryCreatesAProperMineByComparing_LevelTwo] Missing &lt;summary&gt; documentation [C:\Users\Ivan\Documents\GitHub\Teamwork\Documentation\Working\BuildReferenceTopics.proj]
BuildAssembler : warning : ShowMissingComponent: [T:BattleField2.Tests.MineTypesTests] Missing &lt;summary&gt; documentation [C:\Users\Ivan\Documents\GitHub\Teamwork\Documentation\Working\BuildReferenceTopics.proj]
BuildAssembler : warning : ShowMissingComponent: [M:BattleField2.Tests.MineTypesTests.CheckIfIExplosiveDetonateMethodReturnsProperResult] Missing &lt;summary&gt; documentation [C:\Users\Ivan\Documents\GitHub\Teamwork\Documentation\Working\BuildReferenceTopics.proj]
BuildAssembler : warning : ShowMissingComponent: [M:BattleField2.Tests.MineTypesTests.CheckIfStringRepresentationMethodWorksReturnsAProperValue_MineLevelFiveUpgrade] Missing &lt;summary&gt; documentation [C:\Users\Ivan\Documents\GitHub\Teamwork\Documentation\Working\BuildReferenceTopics.proj]
BuildAssembler : warning : ShowMissingComponent: [M:BattleField2.Tests.MineTypesTests.CheckIfStringRepresentationMethodWorksReturnsAProperValue_MineLevelFourUpgrade] Missing &lt;summary&gt; documentation [C:\Users\Ivan\Documents\GitHub\Teamwork\Documentation\Working\BuildReferenceTopics.proj]
BuildAssembler : warning : ShowMissingComponent: [M:BattleField2.Tests.MineTypesTests.CheckIfStringRepresentationMethodWorksReturnsAProperValue_MineLevelOneUpgrade] Missing &lt;summary&gt; documentation [C:\Users\Ivan\Documents\GitHub\Teamwork\Documentation\Working\BuildReferenceTopics.proj]
BuildAssembler : warning : ShowMissingComponent: [M:BattleField2.Tests.MineTypesTests.CheckIfStringRepresentationMethodWorksReturnsAProperValue_MineLevelThreeUpgrade] Missing &lt;summary&gt; documentation [C:\Users\Ivan\Documents\GitHub\Teamwork\Documentation\Working\BuildReferenceTopics.proj]
BuildAssembler : warning : ShowMissingComponent: [M:BattleField2.Tests.MineTypesTests.CheckIfStringRepresentationMethodWorksReturnsAProperValue_MineLevelTwoUpgrade] Missing &lt;summary&gt; documentation [C:\Users\Ivan\Documents\GitHub\Teamwork\Documentation\Working\BuildReferenceTopics.proj]
BuildAssembler : warning : ShowMissingComponent: [M:BattleField2.Tests.MineTypesTests.ValidateThatMineDetonateMethodFunctions] Missing &lt;summary&gt; documentation [C:\Users\Ivan\Documents\GitHub\Teamwork\Documentation\Working\BuildReferenceTopics.proj]
BuildAssembler : warning : ShowMissingComponent: [M:BattleField2.Tests.MineTypesTests.ValidateThatMin?DetonateMethodFunctions_LevelFive] Missing &lt;summary&gt; documentation [C:\Users\Ivan\Documents\GitHub\Teamwork\Documentation\Working\BuildReferenceTopics.proj]
BuildAssembler : warning : ShowMissingComponent: [M:BattleField2.Tests.MineTypesTests.ValidateThatMin?DetonateMethodFunctions_LevelFour] Missing &lt;summary&gt; documentation [C:\Users\Ivan\Documents\GitHub\Teamwork\Documentation\Working\BuildReferenceTopics.proj]
BuildAssembler : warning : ShowMissingComponent: [M:BattleField2.Tests.MineTypesTests.ValidateThatMin?DetonateMethodFunctions_LevelOne] Missing &lt;summary&gt; documentation [C:\Users\Ivan\Documents\GitHub\Teamwork\Documentation\Working\BuildReferenceTopics.proj]
BuildAssembler : warning : ShowMissingComponent: [M:BattleField2.Tests.MineTypesTests.ValidateThatMin?DetonateMethodFunctions_LevelThree] Missing &lt;summary&gt; documentation [C:\Users\Ivan\Documents\GitHub\Teamwork\Documentation\Working\BuildReferenceTopics.proj]
BuildAssembler : warning : ShowMissingComponent: [M:BattleField2.Tests.MineTypesTests.ValidateThatMin?DetonateMethodFunctions_LevelTwo] Missing &lt;summary&gt; documentation [C:\Users\Ivan\Documents\GitHub\Teamwork\Documentation\Working\BuildReferenceTopics.proj]
BuildAssembler : warning : ShowMissingComponent: [N:BattleField2.Tests.CellTests] Missing &lt;summary&gt; documentation [C:\Users\Ivan\Documents\GitHub\Teamwork\Documentation\Working\BuildReferenceTopics.proj]
BuildAssembler : warning : ShowMissingComponent: [T:BattleField2.Tests.CellTests.CellFactoryTests] Missing &lt;summary&gt; documentation [C:\Users\Ivan\Documents\GitHub\Teamwork\Documentation\Working\BuildReferenceTopics.proj]
BuildAssembler : warning : ShowMissingComponent: [M:BattleField2.Tests.CellTests.CellFactoryTests.VerifyThatCellFactoryCreatesAProperCell_DetonatedCell] Missing &lt;summary&gt; documentation [C:\Users\Ivan\Documents\GitHub\Teamwork\Documentation\Working\BuildReferenceTopics.proj]
BuildAssembler : warning : ShowMissingComponent: [M:BattleField2.Tests.CellTests.CellFactoryTests.VerifyThatCellFactoryCreatesAProperCell_EmptyCell] Missing &lt;summary&gt; documentation [C:\Users\Ivan\Documents\GitHub\Teamwork\Documentation\Working\BuildReferenceTopics.proj]
BuildAssembler : warning : ShowMissingComponent: [M:BattleField2.Tests.CellTests.CellFactoryTests.VerifyThatCellFactoryCreatesAProperCellByComparing_DetonatedCell] Missing &lt;summary&gt; documentation [C:\Users\Ivan\Documents\GitHub\Teamwork\Documentation\Working\BuildReferenceTopics.proj]
BuildAssembler : warning : ShowMissingComponent: [M:BattleField2.Tests.CellTests.CellFactoryTests.VerifyThatCellFactoryCreatesAProperCellByComparing_EmptyCell] Missing &lt;summary&gt; documentation [C:\Users\Ivan\Documents\GitHub\Teamwork\Documentation\Working\BuildReferenceTopics.proj]
BuildAssembler : warning : ShowMissingComponent: [T:BattleField2.Tests.CellTests.CellTypesTests] Missing &lt;summary&gt; documentation [C:\Users\Ivan\Documents\GitHub\Teamwork\Documentation\Working\BuildReferenceTopics.proj]
BuildAssembler : warning : ShowMissingComponent: [M:BattleField2.Tests.CellTests.CellTypesTests.CheckIfADetonatedyCellIsBeingCreatedWithTheProperStringRepresentation] Missing &lt;summary&gt; documentation [C:\Users\Ivan\Documents\GitHub\Teamwork\Documentation\Working\BuildReferenceTopics.proj]
BuildAssembler : warning : ShowMissingComponent: [M:BattleField2.Tests.CellTests.CellTypesTests.CheckIfAnEmptyCellIsBeingCreatedWithTheProperStringRepresentation] Missing &lt;summary&gt; documentation [C:\Users\Ivan\Documents\GitHub\Teamwork\Documentation\Working\BuildReferenceTopics.proj]
BuildAssembler : warning : ShowMissingComponent: [M:BattleField2.Tests.CellTests.CellTypesTests.CheckIfStringRepresentationMethodFunctions] Missing &lt;summary&gt; documentation [C:\Users\Ivan\Documents\GitHub\Teamwork\Documentation\Working\BuildReferenceTopics.proj]
BuildAssembler : warning : ShowMissingComponent: [N:BattleField2.Tests.CoordinatesTests] Missing &lt;summary&gt; documentation [C:\Users\Ivan\Documents\GitHub\Teamwork\Documentation\Working\BuildReferenceTopics.proj]
BuildAssembler : warning : ShowMissingComponent: [T:BattleField2.Tests.CoordinatesTests.BaseCoordinatesTests] Missing &lt;summary&gt; documentation [C:\Users\Ivan\Documents\GitHub\Teamwork\Documentation\Working\BuildReferenceTopics.proj]
BuildAssembler : warning : ShowMissingComponent: [M:BattleField2.Tests.CoordinatesTests.BaseCoordinatesTests.TestIfCoordinatesToStringFunctionsProperly] Missing &lt;summary&gt; documentation [C:\Users\Ivan\Documents\GitHub\Teamwork\Documentation\Working\BuildReferenceTopics.proj]
BuildAssembler : warning : ShowMissingComponent: [N:BattleField2.Tests.FieldTests] Missing &lt;summary&gt; documentation [C:\Users\Ivan\Documents\GitHub\Teamwork\Documentation\Working\BuildReferenceTopics.proj]
BuildAssembler : warning : ShowMissingComponent: [T:BattleField2.Tests.FieldTests.FieldTests] Missing &lt;summary&gt; documentation [C:\Users\Ivan\Documents\GitHub\Teamwork\Documentation\Working\BuildReferenceTopics.proj]
BuildAssembler : warning : ShowMissingComponent: [M:BattleField2.Tests.FieldTests.FieldTests.CheckIfCountRemainingMinesGivesANumberThatIsNotZeroAtTheStartOfTheGame] Missing &lt;summary&gt; documentation [C:\Users\Ivan\Documents\GitHub\Teamwork\Documentation\Working\BuildReferenceTopics.proj]
BuildAssembler : warning : ShowMissingComponent: [M:BattleField2.Tests.FieldTests.FieldTests.CheckIfCountRemainingMinesMethodIsBeingCalledProperly] Missing &lt;summary&gt; documentation [C:\Users\Ivan\Documents\GitHub\Teamwork\Documentation\Working\BuildReferenceTopics.proj]
BuildAssembler : warning : ShowMissingComponent: [M:BattleField2.Tests.FieldTests.FieldTests.CheckIfFieldConstructorSetsProperDetonatedMinesValue] Missing &lt;summary&gt; documentation [C:\Users\Ivan\Documents\GitHub\Teamwork\Documentation\Working\BuildReferenceTopics.proj]
BuildAssembler : warning : ShowMissingComponent: [M:BattleField2.Tests.FieldTests.FieldTests.CheckIfFieldConstructorSetsProperFieldPositionsValue] Missing &lt;summary&gt; documentation [C:\Users\Ivan\Documents\GitHub\Teamwork\Documentation\Working\BuildReferenceTopics.proj]
BuildAssembler : warning : ShowMissingComponent: [M:BattleField2.Tests.FieldTests.FieldTests.CheckIfGenerateFieldMethodIsBeingCalledProperly] Missing &lt;summary&gt; documentation [C:\Users\Ivan\Documents\GitHub\Teamwork\Documentation\Working\BuildReferenceTopics.proj]
BuildAssembler : warning : ShowMissingComponent: [M:BattleField2.Tests.FieldTests.FieldTests.CheckIfGenerateFieldMethodSetsACellToAnEmptyOneInsideField] Missing &lt;summary&gt; documentation [C:\Users\Ivan\Documents\GitHub\Teamwork\Documentation\Working\BuildReferenceTopics.proj]
BuildAssembler : warning : ShowMissingComponent: [M:BattleField2.Tests.FieldTests.FieldTests.CheckIfPositionMinesMethodIsBeingCalledProperly] Missing &lt;summary&gt; documentation [C:\Users\Ivan\Documents\GitHub\Teamwork\Documentation\Working\BuildReferenceTopics.proj]
BuildAssembler : warning : ShowMissingComponent: [M:BattleField2.Tests.FieldTests.FieldTests.CheckIfPositionMinesMethodPositionsAtLeastOneMine] Missing &lt;summary&gt; documentation [C:\Users\Ivan\Documents\GitHub\Teamwork\Documentation\Working\BuildReferenceTopics.proj]
BuildAssembler : warning : ShowMissingComponent: [M:BattleField2.Tests.FieldTests.FieldTests.CheckIfValidateMoveCoordinatesMethodIsBeingCalledProperly] Missing &lt;summary&gt; documentation [C:\Users\Ivan\Documents\GitHub\Teamwork\Documentation\Working\BuildReferenceTopics.proj]
BuildAssembler : warning : ShowMissingComponent: [M:BattleField2.Tests.FieldTests.FieldTests.CheckIfValidateMovieCoordinatesReturnsCorrectly_InvalidCoordinates] Missing &lt;summary&gt; documentation [C:\Users\Ivan\Documents\GitHub\Teamwork\Documentation\Working\BuildReferenceTopics.proj]
BuildAssembler : warning : ShowMissingComponent: [M:BattleField2.Tests.FieldTests.FieldTests.CheckIfValidateMovieCoordinatesReturnsCorrectly_NegativeCoordinates] Missing &lt;summary&gt; documentation [C:\Users\Ivan\Documents\GitHub\Teamwork\Documentation\Working\BuildReferenceTopics.proj]
BuildAssembler : warning : ShowMissingComponent: [M:BattleField2.Tests.FieldTests.FieldTests.CheckIfValidateMovieCoordinatesReturnsCorrectly_ValidCoordinates] Missing &lt;summary&gt; documentation [C:\Users\Ivan\Documents\GitHub\Teamwork\Documentation\Working\BuildReferenceTopics.proj]
BuildAssembler : warning : ShowMissingComponent: [N:BattleField2.Tests.PlayerTests] Missing &lt;summary&gt; documentation [C:\Users\Ivan\Documents\GitHub\Teamwork\Documentation\Working\BuildReferenceTopics.proj]
BuildAssembler : warning : ShowMissingComponent: [T:BattleField2.Tests.PlayerTests.PlayerBaseClassTests] Missing &lt;summary&gt; documentation [C:\Users\Ivan\Documents\GitHub\Teamwork\Documentation\Working\BuildReferenceTopics.proj]
BuildAssembler : warning : ShowMissingComponent: [M:BattleField2.Tests.PlayerTests.PlayerBaseClassTests.VerifyThatCalculateScoreMethodReturnsProperValueIfMinesDifferenceIsMoreThanOne] Missing &lt;summary&gt; documentation [C:\Users\Ivan\Documents\GitHub\Teamwork\Documentation\Working\BuildReferenceTopics.proj]
BuildAssembler : warning : ShowMissingComponent: [M:BattleField2.Tests.PlayerTests.PlayerBaseClassTests.VerifyThatCalculateScoreMethodReturnsZeroIfMineDifferenceIsOne] Missing &lt;summary&gt; documentation [C:\Users\Ivan\Documents\GitHub\Teamwork\Documentation\Working\BuildReferenceTopics.proj]
BuildAssembler : warning : ShowMissingComponent: [M:BattleField2.Tests.PlayerTests.PlayerBaseClassTests.VerifyThatPlayerNameIsSetCorrectlyIfValidDataIsProvided] Missing &lt;summary&gt; documentation [C:\Users\Ivan\Documents\GitHub\Teamwork\Documentation\Working\BuildReferenceTopics.proj]
BuildAssembler : warning : ShowMissingComponent: [M:BattleField2.Tests.PlayerTests.PlayerBaseClassTests.VerifyThatPlayerNameIsSetToNullIfEmptyConstructorIsUsed] Missing &lt;summary&gt; documentation [C:\Users\Ivan\Documents\GitHub\Teamwork\Documentation\Working\BuildReferenceTopics.proj]
BuildAssembler : warning : ShowMissingComponent: [M:BattleField2.Tests.PlayerTests.PlayerBaseClassTests.VerifyThatPlayerNameIsSetToNullIfInvalidDataIsProvided_EmptyString] Missing &lt;summary&gt; documentation [C:\Users\Ivan\Documents\GitHub\Teamwork\Documentation\Working\BuildReferenceTopics.proj]
BuildAssembler : warning : ShowMissingComponent: [M:BattleField2.Tests.PlayerTests.PlayerBaseClassTests.VerifyThatPlayerNameIsSetToNullIfInvalidDataIsProvided_InvalidStringSymbols] Missing &lt;summary&gt; documentation [C:\Users\Ivan\Documents\GitHub\Teamwork\Documentation\Working\BuildReferenceTopics.proj]
BuildAssembler : warning : ShowMissingComponent: [M:BattleField2.Tests.PlayerTests.PlayerBaseClassTests.VerifyThatPlayerScoreIsSetCorrectlyIfValidDataIsProvided_ValidScoreNotZero] Missing &lt;summary&gt; documentation [C:\Users\Ivan\Documents\GitHub\Teamwork\Documentation\Working\BuildReferenceTopics.proj]
BuildAssembler : warning : ShowMissingComponent: [M:BattleField2.Tests.PlayerTests.PlayerBaseClassTests.VerifyThatPlayerScoreIsSetCorrectlyIfValidDataIsProvided_Zero] Missing &lt;summary&gt; documentation [C:\Users\Ivan\Documents\GitHub\Teamwork\Documentation\Working\BuildReferenceTopics.proj]
BuildAssembler : warning : ShowMissingComponent: [M:BattleField2.Tests.PlayerTests.PlayerBaseClassTests.VerifyThatPlayerScoreIsSetTZeroIfInvalidDataIsProvided_NegativeNumber] Missing &lt;summary&gt; documentation [C:\Users\Ivan\Documents\GitHub\Teamwork\Documentation\Working\BuildReferenceTopics.proj]
BuildAssembler : warning : ShowMissingComponent: [N:BattleField2.ViewModels.Contracts] Missing &lt;summary&gt; documentation [C:\Users\Ivan\Documents\GitHub\Teamwork\Documentation\Working\BuildReferenceTopics.proj]
BuildAssembler : warning : ShowMissingComponent: [M:BattleField2.ViewModels.Contracts.IViewModel.GameOver(System.String,System.Int32)] Missing &lt;param name=&quot;gameOverMessage&quot;/&gt; documentation [C:\Users\Ivan\Documents\GitHub\Teamwork\Documentation\Working\BuildReferenceTopics.proj]
BuildAssembler : warning : ShowMissingComponent: [M:BattleField2.ViewModels.Contracts.IViewModel.GameOver(System.String,System.Int32)] Missing &lt;param name=&quot;detonatedMines&quot;/&gt; documentation [C:\Users\Ivan\Documents\GitHub\Teamwork\Documentation\Working\BuildReferenceTopics.proj]
BuildAssembler : warning : ShowMissingComponent: [M:BattleField2.ViewModels.Contracts.IViewModel.GetFieldSize(System.String)] Missing &lt;param name=&quot;inviteToGiveSizeMessage&quot;/&gt; documentation [C:\Users\Ivan\Documents\GitHub\Teamwork\Documentation\Working\BuildReferenceTopics.proj]
BuildAssembler : warning : ShowMissingComponent: [M:BattleField2.ViewModels.Contracts.IViewModel.GetInputCoordinates(System.String)] Missing &lt;param name=&quot;inviteToEnterCoordinatesMessage&quot;/&gt; documentation [C:\Users\Ivan\Documents\GitHub\Teamwork\Documentation\Working\BuildReferenceTopics.proj]
BuildAssembler : warning : ShowMissingComponent: [M:BattleField2.ViewModels.Contracts.IViewModel.GiveMinesCount(System.Int32)] Missing &lt;param name=&quot;count&quot;/&gt; documentation [C:\Users\Ivan\Documents\GitHub\Teamwork\Documentation\Working\BuildReferenceTopics.proj]
  Processed 224 topic(s)
  84 warning(s)
  CopyFromIndexComponent: &quot;reflection&quot; in-memory cache entries used: 2 of 15.
  CopyFromIndexComponent: &quot;comments&quot; in-memory cache entries used: 5 of 30.
Done Building Project &quot;C:\Users\Ivan\Documents\GitHub\Teamwork\Documentation\Working\BuildReferenceTopics.proj&quot; (default targets).

Build succeeded.

Time Elapsed 00:00:26.94
    Last step completed in 00:00:28.8658
</buildStep>
<buildStep step="CombiningIntermediateTocFiles">
Combining conceptual and API intermediate TOC files...
    Last step completed in 00:00:00.0350
</buildStep>
<buildStep step="ExtractingHtmlInfo">
Extracting HTML info for HTML Help 1 and/or website...
[C:\Windows\Microsoft.NET\Framework64\v4.0.30319\MSBuild.exe]
Sandcastle Help File Builder, version 2015.1.12.0
Copyright c 2006-2015, Eric Woodruff, All Rights Reserved
E-Mail: Eric@EWoodruff.us

Using LCID &#39;1033&#39;, code page &#39;65001&#39;, encoding charset &#39;UTF-8&#39;.

Processing Help 1 files in C:\Users\Ivan\Documents\GitHub\Teamwork\Documentation\Working\Output\HtmlHelp1
Processed 224 HTML files
Sorting keywords and generating See Also indices
Saving HTML Help 1 keyword index to C:\Users\Ivan\Documents\GitHub\Teamwork\Documentation\Working\Documentation.hhk
Saving HTML Help 1 table of contents to C:\Users\Ivan\Documents\GitHub\Teamwork\Documentation\Working\Documentation.hhc
    Last step completed in 00:00:03.1342
</buildStep>
<buildStep step="CopyStandardHelpContent">
Copying standard help content...
C:\Program Files (x86)\EWSoftware\Sandcastle Help File Builder\PresentationStyles\VS2013\icons\AlertCaution.png -&gt; C:\Users\Ivan\Documents\GitHub\Teamwork\Documentation\Working\Output\HtmlHelp1\icons\AlertCaution.png
C:\Program Files (x86)\EWSoftware\Sandcastle Help File Builder\PresentationStyles\VS2013\icons\AlertNote.png -&gt; C:\Users\Ivan\Documents\GitHub\Teamwork\Documentation\Working\Output\HtmlHelp1\icons\AlertNote.png
C:\Program Files (x86)\EWSoftware\Sandcastle Help File Builder\PresentationStyles\VS2013\icons\AlertSecurity.png -&gt; C:\Users\Ivan\Documents\GitHub\Teamwork\Documentation\Working\Output\HtmlHelp1\icons\AlertSecurity.png
C:\Program Files (x86)\EWSoftware\Sandcastle Help File Builder\PresentationStyles\VS2013\icons\CFW.gif -&gt; C:\Users\Ivan\Documents\GitHub\Teamwork\Documentation\Working\Output\HtmlHelp1\icons\CFW.gif
C:\Program Files (x86)\EWSoftware\Sandcastle Help File Builder\PresentationStyles\VS2013\icons\CodeExample.png -&gt; C:\Users\Ivan\Documents\GitHub\Teamwork\Documentation\Working\Output\HtmlHelp1\icons\CodeExample.png
C:\Program Files (x86)\EWSoftware\Sandcastle Help File Builder\PresentationStyles\VS2013\icons\favicon.ico -&gt; C:\Users\Ivan\Documents\GitHub\Teamwork\Documentation\Working\Output\HtmlHelp1\icons\favicon.ico
C:\Program Files (x86)\EWSoftware\Sandcastle Help File Builder\PresentationStyles\VS2013\icons\privclass.gif -&gt; C:\Users\Ivan\Documents\GitHub\Teamwork\Documentation\Working\Output\HtmlHelp1\icons\privclass.gif
C:\Program Files (x86)\EWSoftware\Sandcastle Help File Builder\PresentationStyles\VS2013\icons\privdelegate.gif -&gt; C:\Users\Ivan\Documents\GitHub\Teamwork\Documentation\Working\Output\HtmlHelp1\icons\privdelegate.gif
C:\Program Files (x86)\EWSoftware\Sandcastle Help File Builder\PresentationStyles\VS2013\icons\privenumeration.gif -&gt; C:\Users\Ivan\Documents\GitHub\Teamwork\Documentation\Working\Output\HtmlHelp1\icons\privenumeration.gif
C:\Program Files (x86)\EWSoftware\Sandcastle Help File Builder\PresentationStyles\VS2013\icons\privevent.gif -&gt; C:\Users\Ivan\Documents\GitHub\Teamwork\Documentation\Working\Output\HtmlHelp1\icons\privevent.gif
C:\Program Files (x86)\EWSoftware\Sandcastle Help File Builder\PresentationStyles\VS2013\icons\privextension.gif -&gt; C:\Users\Ivan\Documents\GitHub\Teamwork\Documentation\Working\Output\HtmlHelp1\icons\privextension.gif
C:\Program Files (x86)\EWSoftware\Sandcastle Help File Builder\PresentationStyles\VS2013\icons\privfield.gif -&gt; C:\Users\Ivan\Documents\GitHub\Teamwork\Documentation\Working\Output\HtmlHelp1\icons\privfield.gif
C:\Program Files (x86)\EWSoftware\Sandcastle Help File Builder\PresentationStyles\VS2013\icons\privinterface.gif -&gt; C:\Users\Ivan\Documents\GitHub\Teamwork\Documentation\Working\Output\HtmlHelp1\icons\privinterface.gif
C:\Program Files (x86)\EWSoftware\Sandcastle Help File Builder\PresentationStyles\VS2013\icons\privmethod.gif -&gt; C:\Users\Ivan\Documents\GitHub\Teamwork\Documentation\Working\Output\HtmlHelp1\icons\privmethod.gif
C:\Program Files (x86)\EWSoftware\Sandcastle Help File Builder\PresentationStyles\VS2013\icons\privproperty.gif -&gt; C:\Users\Ivan\Documents\GitHub\Teamwork\Documentation\Working\Output\HtmlHelp1\icons\privproperty.gif
C:\Program Files (x86)\EWSoftware\Sandcastle Help File Builder\PresentationStyles\VS2013\icons\privstructure.gif -&gt; C:\Users\Ivan\Documents\GitHub\Teamwork\Documentation\Working\Output\HtmlHelp1\icons\privstructure.gif
C:\Program Files (x86)\EWSoftware\Sandcastle Help File Builder\PresentationStyles\VS2013\icons\protclass.gif -&gt; C:\Users\Ivan\Documents\GitHub\Teamwork\Documentation\Working\Output\HtmlHelp1\icons\protclass.gif
C:\Program Files (x86)\EWSoftware\Sandcastle Help File Builder\PresentationStyles\VS2013\icons\protdelegate.gif -&gt; C:\Users\Ivan\Documents\GitHub\Teamwork\Documentation\Working\Output\HtmlHelp1\icons\protdelegate.gif
C:\Program Files (x86)\EWSoftware\Sandcastle Help File Builder\PresentationStyles\VS2013\icons\protenumeration.gif -&gt; C:\Users\Ivan\Documents\GitHub\Teamwork\Documentation\Working\Output\HtmlHelp1\icons\protenumeration.gif
C:\Program Files (x86)\EWSoftware\Sandcastle Help File Builder\PresentationStyles\VS2013\icons\protevent.gif -&gt; C:\Users\Ivan\Documents\GitHub\Teamwork\Documentation\Working\Output\HtmlHelp1\icons\protevent.gif
C:\Program Files (x86)\EWSoftware\Sandcastle Help File Builder\PresentationStyles\VS2013\icons\protextension.gif -&gt; C:\Users\Ivan\Documents\GitHub\Teamwork\Documentation\Working\Output\HtmlHelp1\icons\protextension.gif
C:\Program Files (x86)\EWSoftware\Sandcastle Help File Builder\PresentationStyles\VS2013\icons\protfield.gif -&gt; C:\Users\Ivan\Documents\GitHub\Teamwork\Documentation\Working\Output\HtmlHelp1\icons\protfield.gif
C:\Program Files (x86)\EWSoftware\Sandcastle Help File Builder\PresentationStyles\VS2013\icons\protinterface.gif -&gt; C:\Users\Ivan\Documents\GitHub\Teamwork\Documentation\Working\Output\HtmlHelp1\icons\protinterface.gif
C:\Program Files (x86)\EWSoftware\Sandcastle Help File Builder\PresentationStyles\VS2013\icons\protmethod.gif -&gt; C:\Users\Ivan\Documents\GitHub\Teamwork\Documentation\Working\Output\HtmlHelp1\icons\protmethod.gif
C:\Program Files (x86)\EWSoftware\Sandcastle Help File Builder\PresentationStyles\VS2013\icons\protoperator.gif -&gt; C:\Users\Ivan\Documents\GitHub\Teamwork\Documentation\Working\Output\HtmlHelp1\icons\protoperator.gif
C:\Program Files (x86)\EWSoftware\Sandcastle Help File Builder\PresentationStyles\VS2013\icons\protproperty.gif -&gt; C:\Users\Ivan\Documents\GitHub\Teamwork\Documentation\Working\Output\HtmlHelp1\icons\protproperty.gif
C:\Program Files (x86)\EWSoftware\Sandcastle Help File Builder\PresentationStyles\VS2013\icons\protstructure.gif -&gt; C:\Users\Ivan\Documents\GitHub\Teamwork\Documentation\Working\Output\HtmlHelp1\icons\protstructure.gif
C:\Program Files (x86)\EWSoftware\Sandcastle Help File Builder\PresentationStyles\VS2013\icons\pubclass.gif -&gt; C:\Users\Ivan\Documents\GitHub\Teamwork\Documentation\Working\Output\HtmlHelp1\icons\pubclass.gif
C:\Program Files (x86)\EWSoftware\Sandcastle Help File Builder\PresentationStyles\VS2013\icons\pubdelegate.gif -&gt; C:\Users\Ivan\Documents\GitHub\Teamwork\Documentation\Working\Output\HtmlHelp1\icons\pubdelegate.gif
C:\Program Files (x86)\EWSoftware\Sandcastle Help File Builder\PresentationStyles\VS2013\icons\pubenumeration.gif -&gt; C:\Users\Ivan\Documents\GitHub\Teamwork\Documentation\Working\Output\HtmlHelp1\icons\pubenumeration.gif
C:\Program Files (x86)\EWSoftware\Sandcastle Help File Builder\PresentationStyles\VS2013\icons\pubevent.gif -&gt; C:\Users\Ivan\Documents\GitHub\Teamwork\Documentation\Working\Output\HtmlHelp1\icons\pubevent.gif
C:\Program Files (x86)\EWSoftware\Sandcastle Help File Builder\PresentationStyles\VS2013\icons\pubextension.gif -&gt; C:\Users\Ivan\Documents\GitHub\Teamwork\Documentation\Working\Output\HtmlHelp1\icons\pubextension.gif
C:\Program Files (x86)\EWSoftware\Sandcastle Help File Builder\PresentationStyles\VS2013\icons\pubfield.gif -&gt; C:\Users\Ivan\Documents\GitHub\Teamwork\Documentation\Working\Output\HtmlHelp1\icons\pubfield.gif
C:\Program Files (x86)\EWSoftware\Sandcastle Help File Builder\PresentationStyles\VS2013\icons\pubinterface.gif -&gt; C:\Users\Ivan\Documents\GitHub\Teamwork\Documentation\Working\Output\HtmlHelp1\icons\pubinterface.gif
C:\Program Files (x86)\EWSoftware\Sandcastle Help File Builder\PresentationStyles\VS2013\icons\pubmethod.gif -&gt; C:\Users\Ivan\Documents\GitHub\Teamwork\Documentation\Working\Output\HtmlHelp1\icons\pubmethod.gif
C:\Program Files (x86)\EWSoftware\Sandcastle Help File Builder\PresentationStyles\VS2013\icons\puboperator.gif -&gt; C:\Users\Ivan\Documents\GitHub\Teamwork\Documentation\Working\Output\HtmlHelp1\icons\puboperator.gif
C:\Program Files (x86)\EWSoftware\Sandcastle Help File Builder\PresentationStyles\VS2013\icons\pubproperty.gif -&gt; C:\Users\Ivan\Documents\GitHub\Teamwork\Documentation\Working\Output\HtmlHelp1\icons\pubproperty.gif
C:\Program Files (x86)\EWSoftware\Sandcastle Help File Builder\PresentationStyles\VS2013\icons\pubstructure.gif -&gt; C:\Users\Ivan\Documents\GitHub\Teamwork\Documentation\Working\Output\HtmlHelp1\icons\pubstructure.gif
C:\Program Files (x86)\EWSoftware\Sandcastle Help File Builder\PresentationStyles\VS2013\icons\SectionCollapsed.png -&gt; C:\Users\Ivan\Documents\GitHub\Teamwork\Documentation\Working\Output\HtmlHelp1\icons\SectionCollapsed.png
C:\Program Files (x86)\EWSoftware\Sandcastle Help File Builder\PresentationStyles\VS2013\icons\SectionExpanded.png -&gt; C:\Users\Ivan\Documents\GitHub\Teamwork\Documentation\Working\Output\HtmlHelp1\icons\SectionExpanded.png
C:\Program Files (x86)\EWSoftware\Sandcastle Help File Builder\PresentationStyles\VS2013\icons\slMobile.gif -&gt; C:\Users\Ivan\Documents\GitHub\Teamwork\Documentation\Working\Output\HtmlHelp1\icons\slMobile.gif
C:\Program Files (x86)\EWSoftware\Sandcastle Help File Builder\PresentationStyles\VS2013\icons\static.gif -&gt; C:\Users\Ivan\Documents\GitHub\Teamwork\Documentation\Working\Output\HtmlHelp1\icons\static.gif
C:\Program Files (x86)\EWSoftware\Sandcastle Help File Builder\PresentationStyles\VS2013\icons\xna.gif -&gt; C:\Users\Ivan\Documents\GitHub\Teamwork\Documentation\Working\Output\HtmlHelp1\icons\xna.gif
C:\Program Files (x86)\EWSoftware\Sandcastle Help File Builder\PresentationStyles\VS2013\scripts\branding.js -&gt; C:\Users\Ivan\Documents\GitHub\Teamwork\Documentation\Working\Output\HtmlHelp1\scripts\branding.js
C:\Program Files (x86)\EWSoftware\Sandcastle Help File Builder\PresentationStyles\VS2013\styles\branding-cs-CZ.css -&gt; C:\Users\Ivan\Documents\GitHub\Teamwork\Documentation\Working\Output\HtmlHelp1\styles\branding-cs-CZ.css
C:\Program Files (x86)\EWSoftware\Sandcastle Help File Builder\PresentationStyles\VS2013\styles\branding-de-DE.css -&gt; C:\Users\Ivan\Documents\GitHub\Teamwork\Documentation\Working\Output\HtmlHelp1\styles\branding-de-DE.css
C:\Program Files (x86)\EWSoftware\Sandcastle Help File Builder\PresentationStyles\VS2013\styles\branding-en-US.css -&gt; C:\Users\Ivan\Documents\GitHub\Teamwork\Documentation\Working\Output\HtmlHelp1\styles\branding-en-US.css
C:\Program Files (x86)\EWSoftware\Sandcastle Help File Builder\PresentationStyles\VS2013\styles\branding-es-ES.css -&gt; C:\Users\Ivan\Documents\GitHub\Teamwork\Documentation\Working\Output\HtmlHelp1\styles\branding-es-ES.css
C:\Program Files (x86)\EWSoftware\Sandcastle Help File Builder\PresentationStyles\VS2013\styles\branding-fr-FR.css -&gt; C:\Users\Ivan\Documents\GitHub\Teamwork\Documentation\Working\Output\HtmlHelp1\styles\branding-fr-FR.css
C:\Program Files (x86)\EWSoftware\Sandcastle Help File Builder\PresentationStyles\VS2013\styles\branding-Help1.css -&gt; C:\Users\Ivan\Documents\GitHub\Teamwork\Documentation\Working\Output\HtmlHelp1\styles\branding-Help1.css
C:\Program Files (x86)\EWSoftware\Sandcastle Help File Builder\PresentationStyles\VS2013\styles\branding-Help2.css -&gt; C:\Users\Ivan\Documents\GitHub\Teamwork\Documentation\Working\Output\HtmlHelp1\styles\branding-Help2.css
C:\Program Files (x86)\EWSoftware\Sandcastle Help File Builder\PresentationStyles\VS2013\styles\branding-HelpViewer.css -&gt; C:\Users\Ivan\Documents\GitHub\Teamwork\Documentation\Working\Output\HtmlHelp1\styles\branding-HelpViewer.css
C:\Program Files (x86)\EWSoftware\Sandcastle Help File Builder\PresentationStyles\VS2013\styles\branding-it-IT.css -&gt; C:\Users\Ivan\Documents\GitHub\Teamwork\Documentation\Working\Output\HtmlHelp1\styles\branding-it-IT.css
C:\Program Files (x86)\EWSoftware\Sandcastle Help File Builder\PresentationStyles\VS2013\styles\branding-ja-JP.css -&gt; C:\Users\Ivan\Documents\GitHub\Teamwork\Documentation\Working\Output\HtmlHelp1\styles\branding-ja-JP.css
C:\Program Files (x86)\EWSoftware\Sandcastle Help File Builder\PresentationStyles\VS2013\styles\branding-ko-KR.css -&gt; C:\Users\Ivan\Documents\GitHub\Teamwork\Documentation\Working\Output\HtmlHelp1\styles\branding-ko-KR.css
C:\Program Files (x86)\EWSoftware\Sandcastle Help File Builder\PresentationStyles\VS2013\styles\branding-pl-PL.css -&gt; C:\Users\Ivan\Documents\GitHub\Teamwork\Documentation\Working\Output\HtmlHelp1\styles\branding-pl-PL.css
C:\Program Files (x86)\EWSoftware\Sandcastle Help File Builder\PresentationStyles\VS2013\styles\branding-pt-BR.css -&gt; C:\Users\Ivan\Documents\GitHub\Teamwork\Documentation\Working\Output\HtmlHelp1\styles\branding-pt-BR.css
C:\Program Files (x86)\EWSoftware\Sandcastle Help File Builder\PresentationStyles\VS2013\styles\branding-ru-RU.css -&gt; C:\Users\Ivan\Documents\GitHub\Teamwork\Documentation\Working\Output\HtmlHelp1\styles\branding-ru-RU.css
C:\Program Files (x86)\EWSoftware\Sandcastle Help File Builder\PresentationStyles\VS2013\styles\branding-tr-TR.css -&gt; C:\Users\Ivan\Documents\GitHub\Teamwork\Documentation\Working\Output\HtmlHelp1\styles\branding-tr-TR.css
C:\Program Files (x86)\EWSoftware\Sandcastle Help File Builder\PresentationStyles\VS2013\styles\branding-Website.css -&gt; C:\Users\Ivan\Documents\GitHub\Teamwork\Documentation\Working\Output\HtmlHelp1\styles\branding-Website.css
C:\Program Files (x86)\EWSoftware\Sandcastle Help File Builder\PresentationStyles\VS2013\styles\branding-zh-CN.css -&gt; C:\Users\Ivan\Documents\GitHub\Teamwork\Documentation\Working\Output\HtmlHelp1\styles\branding-zh-CN.css
C:\Program Files (x86)\EWSoftware\Sandcastle Help File Builder\PresentationStyles\VS2013\styles\branding-zh-TW.css -&gt; C:\Users\Ivan\Documents\GitHub\Teamwork\Documentation\Working\Output\HtmlHelp1\styles\branding-zh-TW.css
C:\Program Files (x86)\EWSoftware\Sandcastle Help File Builder\PresentationStyles\VS2013\styles\branding.css -&gt; C:\Users\Ivan\Documents\GitHub\Teamwork\Documentation\Working\Output\HtmlHelp1\styles\branding.css
    Last step completed in 00:00:01.9569
</buildStep>
<buildStep step="GenerateHelpFormatTableOfContents">
Generating HTML Help 1 table of contents file...
    Last step completed in 00:00:00.0310
</buildStep>
<buildStep step="GenerateHelpFileIndex">
Generating HTML Help 1 index file...
    Last step completed in 00:00:00.0375
</buildStep>
<buildStep step="GenerateHelpProject">
Generating HTML Help 1 project file...
    Last step completed in 00:00:00.0480
</buildStep>
<buildStep step="CompilingHelpFile">
Compiling HTML Help 1 file...
[C:\Windows\Microsoft.NET\Framework64\v4.0.30319\MSBuild.exe]
  Microsoft HTML Help Compiler 4.74.8702
  
  
  
  Compiling c:\Users\Ivan\Documents\GitHub\Teamwork\Documentation\Working\Output\HtmlHelp1\Documentation.chm
  
  
  
  
  
  Compile time: 0 minutes, 3 seconds
  
  226	Topics
  
  2,291	Local links
  
  826	Internet links
  
  0	Graphics
  
  
  
  
  
  Created c:\Users\Ivan\Documents\GitHub\Teamwork\Documentation\Working\Output\HtmlHelp1\Documentation.chm, 292,091 bytes
  
  Compression decreased file by 1,548,480 bytes.
  
    Last step completed in 00:00:07.1058
</buildStep>
<buildStep step="CleanIntermediates">
Removing intermediate files...
    Last step completed in 00:00:00.6619
</buildStep>
<buildStep step="Completed">

Build completed successfully at 10/12/2015 12:47:20 AM.  Total time: 00:01:02.6885

</buildStep>
</shfbBuild>
